<?xml version="1.0" encoding="UTF-8"?>
<!-- Generated by org.testng.reporters.JUnitReportReporter -->
<testsuite hostname="DESKTOP-PHE7HMR" failures="0" tests="1" name="food.LaunchKfc_Test" time="18.679" errors="0" timestamp="2024-04-22T08:06:11 IST" skipped="0">
  <testcase classname="food.LaunchKfc_Test" name="Kfc" time="18.679"/>
  <system-out/>
</testsuite> <!-- food.LaunchKfc_Test -->
