<?xml version="1.0" encoding="UTF-8"?>
<!-- Generated by org.testng.reporters.JUnitReportReporter -->
<testsuite hostname="DESKTOP-PHE7HMR" failures="0" tests="1" name="ecomerce.LaunchMyntra_Test" time="18.069" errors="0" timestamp="2024-04-22T08:06:11 IST" skipped="0">
  <testcase classname="ecomerce.LaunchMyntra_Test" name="Myntra" time="18.069"/>
  <system-out/>
</testsuite> <!-- ecomerce.LaunchMyntra_Test -->
