<?xml version="1.0" encoding="UTF-8"?>
<!-- Generated by org.testng.reporters.JUnitReportReporter -->
<testsuite hostname="DESKTOP-PHE7HMR" failures="0" tests="1" name="Beauty.LaunchLoreal_Test" time="21.716" errors="0" timestamp="2024-04-22T08:06:11 IST" skipped="0">
  <testcase classname="Beauty.LaunchLoreal_Test" name="Loreal" time="21.716"/>
  <system-out/>
</testsuite> <!-- Beauty.LaunchLoreal_Test -->
