<?xml version="1.0" encoding="UTF-8"?>
<!-- Generated by org.testng.reporters.JUnitReportReporter -->
<testsuite hostname="DESKTOP-PHE7HMR" failures="0" tests="1" name="Beauty.LaunchNykaa_Test" time="27.887" errors="0" timestamp="2024-04-22T08:06:11 IST" skipped="0">
  <testcase classname="Beauty.LaunchNykaa_Test" name="Nyka" time="27.887"/>
  <system-out/>
</testsuite> <!-- Beauty.LaunchNykaa_Test -->
