<?xml version="1.0" encoding="UTF-8"?>
<!-- Generated by org.testng.reporters.JUnitReportReporter -->
<testsuite hostname="DESKTOP-PHE7HMR" failures="0" tests="1" name="Beauty.LaunchLakme_Test" time="22.749" errors="0" timestamp="2024-04-18T09:26:29 IST" skipped="0">
  <testcase classname="Beauty.LaunchLakme_Test" name="Lakme" time="22.749"/>
  <system-out/>
</testsuite> <!-- Beauty.LaunchLakme_Test -->
