<?xml version="1.0" encoding="UTF-8"?>
<!-- Generated by org.testng.reporters.JUnitReportReporter -->
<testsuite hostname="DESKTOP-PHE7HMR" failures="0" tests="1" name="ecomerce.LaunchAjio_Test" time="26.387" errors="0" timestamp="2024-04-18T23:59:53 IST" skipped="0">
  <testcase classname="ecomerce.LaunchAjio_Test" name="Ajio" time="26.387"/>
  <system-out/>
</testsuite> <!-- ecomerce.LaunchAjio_Test -->
