<?xml version="1.0" encoding="UTF-8"?>
<!-- Generated by org.testng.reporters.JUnitReportReporter -->
<testsuite hostname="DESKTOP-PHE7HMR" failures="0" tests="1" name="Beauty.LaunchNykaa_Test" time="18.728" errors="0" timestamp="2024-04-18T23:50:18 IST" skipped="0">
  <testcase classname="Beauty.LaunchNykaa_Test" name="Nyka" time="18.728"/>
  <system-out/>
</testsuite> <!-- Beauty.LaunchNykaa_Test -->
