<?xml version="1.0" encoding="UTF-8"?>
<!-- Generated by org.testng.reporters.JUnitReportReporter -->
<testsuite hostname="DESKTOP-PHE7HMR" failures="0" tests="1" name="Beauty.LaunchLoreal_Test" time="20.701" errors="0" timestamp="2024-04-18T23:53:37 IST" skipped="0">
  <testcase classname="Beauty.LaunchLoreal_Test" name="Loreal" time="20.701"/>
  <system-out/>
</testsuite> <!-- Beauty.LaunchLoreal_Test -->
