<?xml version="1.0" encoding="UTF-8"?>
<!-- Generated by org.testng.reporters.JUnitReportReporter -->
<testsuite hostname="DESKTOP-PHE7HMR" failures="0" tests="1" name="ecomerce.LaunchMyntra_Test" time="18.909" errors="0" timestamp="2024-04-18T23:56:50 IST" skipped="0">
  <testcase classname="ecomerce.LaunchMyntra_Test" name="Myntra" time="18.909"/>
  <system-out/>
</testsuite> <!-- ecomerce.LaunchMyntra_Test -->
