<?xml version="1.0" encoding="UTF-8"?>
<!-- Generated by org.testng.reporters.JUnitReportReporter -->
<testsuite hostname="DESKTOP-PHE7HMR" failures="0" tests="1" name="food.LaunchSwiggy_Test" time="18.054" errors="0" timestamp="2024-04-19T00:09:21 IST" skipped="0">
  <testcase classname="food.LaunchSwiggy_Test" name="Swiggy" time="18.054"/>
  <system-out/>
</testsuite> <!-- food.LaunchSwiggy_Test -->
