<?xml version="1.0" encoding="UTF-8"?>
<!-- Generated by org.testng.reporters.JUnitReportReporter -->
<testsuite hostname="DESKTOP-PHE7HMR" failures="0" tests="1" name="food.LaunchZomato_Test" time="20.254" errors="0" timestamp="2024-04-19T00:07:18 IST" skipped="0">
  <testcase classname="food.LaunchZomato_Test" name="Zomato" time="20.254"/>
  <system-out/>
</testsuite> <!-- food.LaunchZomato_Test -->
